-0.7737853107344589
-0.5871050384286969
-0.843661971830989
-0.7008122743682335
-0.7565552699228774
-0.768543046357617
-0.6760806916426487
-0.6356223175965684
-0.5223404255319142
-0.7944588744588749
-0.8048020219039602
-0.9591560509554145
-0.5769922879177358
-0.742301710730949
-0.5219758064516146
-0.834450867052017
23.839627659574433
-0.7791443850267381
-1.099052774018938
-0.6880597014925367
-0.8162635529608021
-0.8459387483355502
-0.775506268081002
-0.6416666666666638
-0.6890888638920146
-0.722922252010725
-0.7443181818181838
-0.7751724137931004
-0.7848148148148166
-0.8955637707948242
-0.9145543744889603
-0.6665970772442608
-0.8637298091042579
-0.7030371203599579
-0.6954430379746799
-0.7692392502756297
-0.6882453151618422
-0.830693950177947
-0.8006629834254109
-0.9297935103244839
-0.7483574244415265
-0.8884180790960453
-0.8124597207303987
-0.832576985413288
-0.8619124797406831
-0.6851632047477733
-0.7251221896383174
-0.7176876617773903
-0.7792360430950046
-0.8415909090909063
-0.8641304347826048
-0.5722222222222231
-0.8194174757281586
-0.8246913580246952
-0.6005045408678114
-0.6332802547770704
-0.7299057412167952
-0.8020920502091975
-0.809920983318699
-0.958461538461534
-0.7514880952380951
-0.6984532095900987
-0.8311300639658871
-0.8103773584905656
-0.7109746109746098
-0.7293814432989675
-0.8172460804362667
-0.560770031217479
-0.6550868486352367
-0.6272196261682255
-1.091381872213976
-0.8360375747224593
-0.8140969162995638
-0.04181256436663234
-0.27079002079002246
-0.8027537372147898
-0.7110492107706614
-0.7203994293865889
-0.6384194053208123
-0.7118544600938955
-0.7463366336633688
-1.0189969604863205
-0.7679808841099159
-0.7969330855018595
-0.8490213523131632
-0.9185858585858574
-0.6655791190864613
-0.8583392984967885
-0.7660000000000018
-0.8002801120448179
-0.726757607555093
-0.8295900178253135
-0.7362248995983897
-0.946311475409836
-0.7499999999999997
-0.8537998495109133
-0.957823960880198
-0.588842544317001
-0.8455384615384549
-0.7675720164609064
-0.964751552795032
-0.6693670886075954
-0.8333625218914198
-0.600875912408758
-0.8745272525027827
-0.7211857018308616
-0.76071784646062
-0.7767334360554649
-0.707632850241544
-0.8491054904380071
-0.8509562841530114
-0.8323858742463391
-0.6975124378109482
-0.9283422459893073
-0.7230504587155998
0.0039999999999999255
-0.7847115384615329
-0.7003333333333308
-0.7538624338624315
-0.6716798592788054
-0.8190594059405946
-0.7320907617504107
-0.7027237354085645
-0.8045264040234706
-0.8189583333333367
-0.78497576736672
-0.7427385892116218
-0.7325313807531374
-0.9657556270096483
-0.6938303341902348
-0.6837294332723924
-0.7971929824561376
-0.5447743467933538
-0.7594078319006643
-0.5534213685474195
-0.8425799086758008
-0.6739860139860164
-0.7667300380228194
-0.8175905395417538
-0.6543741588156128
-0.12597087378640817
-0.5917487684729049
-0.8648648648648687
-0.6707692307692317
-0.8204830053667306
-0.7599697885196406
-0.8121346324180773
-0.822794691647153
-0.6790079716563324
-0.057308970099667574
-0.5941335740072226
-0.8212147887323868
-0.07880434782608672
-0.7052572706935093
-0.6733821733821713
-0.6771912350597626
-0.8379654859218881
-0.6992063492063435
-0.7617647058823575
-0.34967391304347784
-0.42539267015706683
-0.7680968096809659
-0.6889041095890389
-0.8964828897338365
-0.7929674099485418
-0.7604926108374392
-0.7394799054373501
-0.7045787545787576
-0.7842359767891676
-0.769056603773585
-0.7494411006018877
-0.8159456118665013
-0.7705418719211822
-0.6941785252263888
-0.7085691188358929
-0.8658994032395562
-0.7874545454545452
-0.12474460839954568
-0.6516462841015971
-0.8018569463548778
-0.914133114215285
-0.40093167701863697
-0.6800856531049254
-0.9018660812294199
-0.8484342379958262
-0.7779220779220761
-0.5320905459387473
-0.8313582497721023
-0.7162888329135129
-0.898788796366396
21.029355932203632
-0.678754266211605
-0.6141369047619051
-0.8338074398249412
-0.7414218009478672
-0.7782051282051264
-0.8585123966942187
-0.7595155709342614
-0.7953287197231862
-0.7735330836454462
-0.7007990867579917
-0.7499415204678394
-0.7696478873239445
-0.7645383104125734
-0.7500604594921394
-0.7940909090909114
-0.7217959895379282
-0.759941234084231
-0.881728045325776
-0.8272156862745107
-0.7912648497554173
-0.7180219780219751
-0.9090000000000039
-0.7781851512374005
-0.798271604938271
-0.8754098360655711
-0.8600166251039023
-0.7815132048536775
-0.814057142857145
-0.6567811934900538
-0.5231773667029419
-0.7251072961373374
-0.7458115183246068
29.383639705882725
-0.8120467836257342
-0.7761241970021371
-0.8905935050391938
-0.9924603174603185
-0.7911690496215269
-0.8741573033707817
-0.8324803149606278
-0.8518518518518468
-0.6792910447761201
-0.7542857142857187
-0.5917050691244243
-0.7991107518189184
-0.6404428904428927
-0.7796172248803815
-0.773734610123121
-0.10027855153203276
-0.6398406374501981
-0.5890643985419206
-0.8883541867179993
-0.6854838709677423
-0.8126096491228065
-0.7394099051633318
-1.0470852017937218
-0.7943702290076363
-0.6234009360374418
-0.8301570680628256
-0.7378835978836011
-0.8717406624383439
-0.7151736745886661
-0.8683648315530016
-0.9848872180451149
-0.6331331331331335
-0.6971737323358219
-0.8143442622950862
-0.6925000000000002
11.007624398073801
-0.6933753943217679
-0.646722454672245
-0.8244897959183672
-0.7538350217076694
-0.8470031545741352
-0.738090241343128
-0.8023255813953477
-0.6449207828518185
-0.7245350500715352
-0.7649096385542176
-0.7189038031319874
-0.7278677900194416
-0.6305872042068369
-1.1290182450043469
-0.7152860802732702
-0.8643548387096663
-0.785502283105027
-0.6588846880907385
-0.7500409500409498
-0.9016873889875644
-0.8311853619729507
-0.72515991471215
-0.6063794531897275
-0.7619808306709265
-0.6792129162462184
-0.7460256410256433
-0.9137254901960776
0.3418844022169447
-0.7490636704119872
-0.9027216856891979
-0.8141930835734887
-0.7339211618257269
-0.6551834130781511
-0.649325842696632
0.1478931140801641
-0.7830769230769201
-0.6520440251572334
-0.6509457755359416
-0.8295253419147272
-0.7103220478943002
-0.762958963282945
-0.8187012987013045
-0.6496909765142165
-0.6985650224215257
-0.7051873198847257
-0.8414634146341489
-0.6712259371833827
-0.7531461761858661
-0.6001028806584375
-0.5995238095238103
-0.8898422090729806
-0.6939643347050751
-0.5627167630057804
-0.31795841209829956
-0.6764868603042883
-0.8884072580645161
-0.8172228202368197
-0.8727358490566108
-0.9874680306905385
-0.8323353293413202
-0.7437325905292442
-0.7686358754027871
-0.7471910112359545
-0.7699481865284996
-0.6365061590145574
-0.7567180616740075
-0.7520610687022877
-0.8156225218080911
-0.7934591194968589
-0.7563011456628538
-0.9498458376156207
-0.9996309963099679
-0.6663185378590047
-0.33430451127819544
-0.8061172472387437
-0.757889546351083
0.05116054158607372
-0.6454545454545434
-0.7670157068062811
-0.6792811839323457
-0.7965487489214881
-0.7007785467128045
-0.6975024975025006
-0.6877367896311083
-0.7922580645161301
-0.7220858895705526
-0.6624570446735404
-0.9246672582076395
-0.7686068702290143
-0.8292333614153357
-0.6739766081871374
-0.806358381502885
-0.7525821596244148
-0.7839686098654721
27.531330182309432
-0.795526561043804
-0.7924409448818943
-0.7364157119476266
-0.8428429423459173
-0.9242709313264312
-0.6975109809663262
-0.8856962025316489
-0.9627986348122969
-0.7642015005359097
-0.8429584599797324
-0.7494273127753293
-0.01697819314641726
-0.7930388219544914
-0.7044696464309486
-0.7511530398322849
-0.6454434993924671
-0.8076804915514552
-0.05850694444444471
-0.8999242997729038
-0.6079425837320557
-0.8181443298969034
-0.7143695014662803
-0.8511403508771935
-0.6884030418250958
-0.9532479414455621
-0.7579976985040255
-0.8714285714285726
-0.7527067669172886
-0.9035714285714298
-0.802343749999998
-0.3431306306306293
-0.9291255289139574
-0.7525624178712225
-0.8407986111111144
-0.6341836734693859
-0.5733914940021791
-0.7860487804878097
-0.823574730354393
-0.7697505197505201
-0.7878731343283569
-0.6550665301944728
-0.7989935956084165
-0.6919182083739027
-0.8016618497109844
-0.935147744945572
-1.033964143426297
-0.7441828254847648
-0.7282186948853632
-0.5517998244073761
-0.7829887218045094
-0.7227112676056353
-0.8354744525547513
-0.6500588928150799
-0.73677621283255
-0.03716404077849803
-0.11872713972201888
-0.8937086092715176
-0.8988593155893579
-0.4886819484240683
-0.6646748681898065
-0.5761061946902619
-0.7160493827160486
-0.8013406940063134
-0.9358402971216285
-0.5277551020408136
0.07167630057803527
-0.7322460391425906
-0.6647002854424343
-0.8105075690115777
-0.0377088305489257
-0.7816216216216249
-0.9400000000000047
-0.8578828828828855
-0.7751552795031053
-0.8294117647058811
-0.7250806451612924
-0.7994883040935663
-0.8027343750000054
-0.11056401074306191
-0.8128205128205105
-0.712272727272724
-0.7658018867924544
-0.7019589552238823
-0.7574144486691994
-0.7306981519507207
-0.7875000000000033
-0.6486734693877574
-0.9187755102040869
-0.8363374188896839
-0.6630567685589491
-0.7284227381905538
-0.8119929453262771
-1.046027131782942
-0.8112962962962997
-0.7001216545012168
-0.7673684210526338
-0.4082059533386939
-0.7483248730964478
-0.9114954221769984
-0.9583098591549402
-1.0333889816360544
-0.9256997455470747
-0.47079731027857397
-0.7825055596738256
-0.7385072094995726
-0.5232419547079868
-0.7563751317175961
-0.7523156089193825
-0.7056157635467946
-0.8863547758284681
-0.25459905660377175
0.05733590733590741
-0.7696821515892401
-0.9250634517766589
-0.725021496130697
-0.6944743935309976
-0.8704834605597943
-0.6961137440758299
-0.6820224719101123
-0.9277942631058416
-0.8152658662092661
-0.9969353007945595
-0.7415300546448123
-0.720000000000001
-0.8758364312267642
-0.92411428571429
-0.7001126126126089
-0.7479381443298968
-0.7995155038759637
-0.7804320203303688
-0.7087665647298674
-0.7270486342438403
-0.8059454191033154
-0.20399999999999974
-0.748517298187813
-0.6246947082767973
-0.6631707317073181
-0.7707988980716262
-0.25495307612096013
-0.6402702702702696
-0.6985102420856621
-0.7432137285491461
-0.7655629139072867
-0.7820143884892096
0.01709486166007937
-0.7020920502092065
-0.802415875754958
-0.8139423076923104
-0.7195836545875143
-0.6097354497354486
-0.7147739801543522
-0.7070661896243283
-0.8035074626865638
-1.1528932355338222
-0.041587516960651154
-0.7680131004366821
-0.7327853881278562
-0.7297587131367282
-0.7934579439252359
-0.7131147540983616
-0.7956264775413724
0.11473864610111485
-0.5265635074145655
-0.8373505976095639
-0.789526411657561
-0.6764705882352957
-0.7465703971119187
-0.8326487252124674
-0.8509036144578279
-0.9159959758551289
-0.6730427764326087
-0.8278152069297352
-0.6731642189586104
-0.7381250000000026
-0.8675502008032128
-0.732873376623377
-0.7012403100775222
-0.6448210922787225
-0.8758041958041926
-0.7358410220014242
-0.669493670886074
-0.7776119402985101
0.10563697857948076
-0.8128608923884514
-0.754021447721182
-0.6001086956521725
-0.7182586644125108
-0.9024349286313968
-0.7615027110766885
-0.6671186440677958
-0.8598221503637763
-0.6902173913043473
-0.9344512195121867
-0.6957128614157494
-0.6810810810810816
-0.5595959595959585
-0.7716696269982253
-0.7756373937677032
-0.5719650655021835
-0.6671156004489341
-0.832751454696594
-0.6322198275862075
-0.7613475177304949
-0.6762130177514816
-0.736188436830835
-0.5973724884080376
-0.9153708668453999
-0.7499999999999994
-0.8920618556701102
-1.1085840707964758
-0.7432773109243697
-0.6836206896551724
-0.6799999999999967
-0.6661861074705135
-0.7789644012945014
-0.6454268292682905
-0.8958104395604335
-0.8662173546756573
-0.7424060150375942
-0.6279761904761881
-0.5750569476082005
0.005720572057206521
-0.8438704028021033
-0.6905710491367847
-0.7008849557522124
-0.49711696869852046
-0.7323412698412712
-0.7827350427350399
-0.788948580199535
-0.6834754797441353
-0.8352056168505462
-0.04558645707376101
-0.6639894086496065
-0.7372400756143708
-0.6316291161178527
-0.7952238805970079
-0.7105820105820098
-0.8823045267489725
-0.7149879129734074
-0.8880877742946712
-0.8034756703078416
-0.7880341880341876
-0.11221020092735821
-0.7093160377358517
-0.8410071942446061
-0.7055676855895208
-0.7405296950240776
-0.8231560891938245
-0.7874999999999976
-0.8351326623970707
-0.8126527050610786
-0.7538461538461545
-0.8782828282828296
-0.9247284878863854
-0.8851749539594831
-0.7970102281667963
-0.7958925750394933
-0.6913377192982466
-0.6375921375921371
-0.6251445086705205
-0.832028112449802
-0.7603084415584402
-0.816773675762441
-0.7810434782608665
-0.8751830756712755
-0.8274403470715831
-0.9172359015091389
-0.6906798245614032
-0.8997931747673233
-0.6812637766348267
-0.8278801843318041
-0.7606492478226461
-0.8639919082939935
-0.8207474226804141
-0.7241549295774636
-0.5913370998116755
-0.655315471045811
-0.7242303872889794
-0.7124324324324329
-0.761272923408846
-0.2983431952662715
-0.7244401168451825
0.08429752066115707
-0.7362430167597768
-0.8212250712250707
-0.7460620525059701
-0.6322744599745909
-0.6926380368098151
-0.6665749656121069
-0.7937977099236662
-0.8037783375314869
-0.8791878172588902
-0.7505617977528075
-0.6132058287795997
-0.643851132686087
-0.7079207920792128
-0.8480245231607537
-0.935901386748844
-0.8601941747572843
-0.6597609561752993
-0.5879803761242846
-0.5810559006211193
-0.5613886536833183
-0.8054585152838416
-0.6563655030800853
-0.5809593023255826
-0.7916920731707321
-0.6540229885057454
-0.8463712757830394
-0.6114917127071808
-0.7722003929273085
-0.8956545961002926
-0.7969750889679719
-0.7680509042196967
-0.6945681211041902
-0.8695940959409603
-0.8121212121212111
-0.29567567567567515
-0.768708971553605
-0.8165384615384632
-0.7052459016393444
-0.9018018018017964
-0.8630278063851684
-0.613397129186601
-0.8315583398590453
-0.8586925287356301
-0.727016129032262
-0.6474074074074099
-0.8262200956937781
-0.7155704697986571
-0.9439353099730443
-0.9490833333333342
-0.6863809523809498
-0.8987075928917616
-0.7174226804123724
-0.3218442256042971
-0.9496941896024479
-0.6678678678678696
-0.383642691415313
-0.3038728897716013
-0.7872154115586667
-0.19717314487632484
-0.7084076433121018
-0.7158342189160519
-0.8429074889867769
-0.7033680834001661
-0.8490347490347389
-0.9705776173285269
-0.8318053596615008
-0.7514256619144583
-0.9871028037383159
-0.5865301724137951
-0.7411633109619722
-0.7442959001782518
-0.6845857418111708
-0.6667447306791549
-0.6249155405405441
-0.7836734693877492
-0.9667612024957501
-0.93982479784366
-0.7634660421545665
-0.9488262910798131
-0.7637563451776693
-0.7581176470588219
-0.7020441537203588
-0.9586036671368015
-0.7931116389548707
-0.6534653465346525
-0.8177469135802501
-0.7370103092783518
-0.6524177949709902
-0.775421209117943
-0.03997243280496232
-0.7342076502732248
-0.8436708860759523
-0.8616057233704165
-0.7882303839732867
-0.6952036199095045
-0.7999999999999996
-0.853961456102784
-1.1596713021491674
-0.8224544841537478
-0.7714387974230438
-0.7035425101214554
-0.7232696897374714
-0.7138743455497366
-0.5045340050377852
-0.4247422680412386
21.508243967828307
-0.6576728499156848
-0.6334770114942518
-0.6997570850202445
-0.7259082217973272
-0.6457142857142842
-0.7809523809523834
-0.7716098334655029
-0.6476287262872661
-0.1096713615023481
-0.7302213001383108
-0.683253012048191
-0.7818376068376084
-0.8717346233586708
-0.7282208588957062
-0.6566480446927372
-0.743933054393302
-0.6798469387755146
-0.6128482972136245
-0.8259672619047682
-0.8159284497444593
-0.8945817490494333
-0.9081997533908751
-0.6815544041450786
-0.9351181102362212
-0.8687326549491237
-0.7216753926701586
-0.8098265895953807
-0.6826787512588117
-0.7497368421052641
-0.807745664739887
0.7837628865979503
-0.952643419572555
-0.7362175525339905
-0.7386956521739115
-0.14977000919963057
-0.800810611643327
-0.7762666666666665
-0.7493723849372377
-0.9999367088607537
-0.6096945551128828
-0.9790204081632761
-0.7296259842519672
-0.7571005917159744
-0.8825552825552792
-0.8918395573997252
-0.8119390347163445
-0.8616705698672947
-0.9313639220616018
10.76405867970652
-0.8
-1.067509025270767
-0.7327167630057848
-0.8617710583153422
-0.7201787994891481
-1.013504823151115
-0.9771956856702573
-0.7911668484187592
-0.875687285223376
-0.8384264538198449
-0.9166552901023842
-1.0267594108019729
-0.8585768742058509
-0.9022549869904535
-0.848384554767531
-0.7688505747126412
-0.8408035153797908
-0.9911544227886068
-0.8588852988691483
-1.0203278688524635
-1.0026861089792747
-1.0692513368984105
-0.8987815491731989
-0.710832025117733
-0.6514173998044984
-0.8250507099391496
-0.8493569131832815
-0.8169774288518183
-0.83593442622951
-0.40577451879009385
0.8553121577217982
-0.7591018444266213
-0.8313763233878734
-0.09549689440993857
-1.0091651542649658
-1.0326039387308523
-0.8241219350563326
-0.8867559523809577
-0.7857752489331438
-0.7357258064516198
-0.19249592169657384
-0.38368200836820054
-0.11374358974358947
-1.010322580645174
-0.8999037536092307
-1.0716403162055388
-0.7262334536702806
-1.0267303102625438
-0.7966187050359681
-0.969602272727272
-0.5765151515151481
-0.7772782503037615
-0.7485994397759125
-1.1149019607842976
-0.7752583979328272
-0.9962168978562377
-0.8905735003296019
-0.9203867848509237
-0.8222591362126245
-0.8891696750902538
-0.7354375896700173
-0.8809820732657877
-0.7255813953488395
-0.8686580086580044
-0.5730054644808721
-0.7908021390374331
-0.8312380952380962
-0.9396614268440182
-0.7950089126559672
-0.9417894736842107
-1.008956228956234
-0.6626285714285715
-0.6170703575547875
-0.8473035439137035
-0.8619047619047633
-0.6921445404556141
-0.9415189873417692
-0.7757028112449812
-0.7616113744075803
-0.7851438637698126
-0.853975535168188
-0.7042253521126778
-0.8449193548387136
-0.873808010171649
-0.8524361948955917
-0.5742038216560499
-0.7401062416998664
-0.8200710479573698
0.2154232424677172
-0.5972431077694257
-0.8111796453353909
-0.8098088113050695
-0.834656340755079
-0.905038022813694
-0.8273053892215569
-0.8471663619744088
-0.9848879248011653
-0.6818295739348368
-0.08668261562998358
-0.750284629981029
-0.7882562277580031
-1.0077643908969236
-0.7600531443755574
-0.8526785714285733
-0.6107648725212449
-0.7994673768308928
-0.7595212187159918
2.5469225678358782
-1.0554917444364664
-0.7077037037037008
-0.7507812500000002
-0.6758901322482214
-0.7268329554043846
-0.8887149917627668
-0.9008620689655213
-0.6251791197543487
-0.839956958393115
-0.6165769644779351
0.06882494004796098
-0.7410484668644938
-0.8666181818181804
6.7597159457714415
-0.7430172413793067
-0.31357012750455404
-0.7136005726556826
-0.5974739970282327
-0.878257632166792
-0.6826845637583872
-0.7848925410872281
-0.3440658716638345
-0.7810534016093658
-0.7844651952461842
-0.8130466472303164
-0.7745454545454515
1.005446808510635
-0.771428571428573
-0.7622388059701538
-0.8001639344262309
-0.9542471042471095
-0.434365994236306
-0.7471526195899798
-0.8429880843263071
-0.8808406647116368
-0.727806122448978
-0.883173076923077
-0.695068807339447
-0.6873433583959887
-0.9222637979419975
0.00046475600309794067
-0.8460960960960908
-0.8165058949624863
-0.8387312186978242
-0.9934074662430648
-0.8337769328263656
-0.9094117647058984
-0.3025488530161421
-0.7896708286038562
-0.7212962962962962
-0.7719165085388987
-0.7185233160621752
-0.6977682403433448
-0.9708582834331393
-0.8615778688524637
-0.8663928304705016
-0.8562893081761044
-0.7336914811972367
-0.7096056622851366
-0.6783448275862031
-0.9398472310630147
-0.89507772020725
-0.26639072847682127
-0.6582191780821924
-0.7551470588235253
-0.9591098748261477
-0.9509090909090915
-0.776707818930042
-0.5988095238095222
-0.693898809523809
-0.6205317577548027
-0.8506622516556251
-0.6660109289617471
-0.68909634055265
-0.8644055944055924
-0.4890196078431395
-0.7022610483042132
-0.7313939393939423
-0.6884834663625984
-0.6845383759733028
-0.26272727272727253
-0.8032520325203291
-0.8191780821917845
-0.8603162055335957
-0.7200275292498314
-0.6015404364569974
-0.9374249499666438
0.6701882845188316
-0.5996305418719184
-0.6109589041095904
-0.731613756613753
-0.8183477425552371
-0.836063569682151
-0.507346491228071
-0.7250673854447462
-0.7011777301927173
-0.7914257228314976
-0.6597570850202423
-0.6910384068278771
-0.9176870748299295
-0.6695454545454536
-0.8578643578643566
-0.6748068006182373
-0.9143431635388818
-0.9619047619047664
-0.797204301075269
-0.46984126984126995
-0.6263157894736813
-0.7233082706766917
-0.6862186788154866
-0.7229333333333401
-0.5858017135862928
-0.7573134328358218
-0.9533047210300508
-0.8073298429319384
-0.7840350877193055
-0.535007173601149
-0.859033078880404
-0.6408163265306128
-0.8388320288982584
-0.9663239074550138
-0.2029791459781531
-0.7533088235294114
-0.9741025641025647
-0.6748979591836661
-0.7642996108949435
-0.994078947368418
-0.8422920302501495
-0.8181818181818235
-0.8521739130434808
-0.7720467032967017
-0.8515047291487552
-0.8569055036344718
-0.7478821362799252
-0.7881132075471716
-0.8348684210526316
-0.9145393068470009
-0.9431394072447887
-0.7199100834938983
-0.7713191489361686
-0.6679838709677446
-0.8935013262599497
-0.6199855177407669
-0.8120654396728019
-0.8466428995840739
-0.5930979133226356
-0.6469242902208192
-0.6202059202059176
-0.7404580152671801
-0.6967261904761913
-0.8643974241030364
-0.008093385214008406
-0.8655897821187145
-0.7720754716981157
-0.6529777777777798
-0.7250661375661318
-0.7262135922330116
-0.7723872387238724
-0.8710794297352319
-0.9534216335540833
-0.7722262509064538
-0.7135310472659895
-0.8316582914572886
-0.8144820295983123
-0.6762035763411273
-0.6514905149051506
-0.7412460567823362
-0.9377263581488909
-0.8219983883964564
-0.6499105545617182
-0.6168704156479212
-0.8259109311740831
0.07661927330174023
-0.7679952409280201
-1.0302857142857156
-0.8013375295043297
-0.814577464788727
-0.929899497487442
-0.9181159420289828
-0.7888479262672783
-0.7238042269187964
-0.9053132434575741
-0.6222222222222236
-0.6835143139190542
-0.7630285152409065
-1.1216408268733993
-0.52890442890443
-0.7809233449477343
-0.5895265423242457
-0.5711711711711689
-0.5536549707602341
-0.7475367882277582
-0.8065433854907524
-0.576290322580647
-0.7303092783505124
-0.5972972972972954
-0.6898477157360438
-0.9869104398516194
-0.6211186113789807
-0.7024236037934706
-0.6450177935943078
-0.6334077380952345
-0.7974674880219002
-0.6220958570268087
-1.0533163265306007
-0.7512485136741998
-0.6001300390117024
-0.5545357524012824
-0.5920054200542001
-0.8628175519630512
-0.6880404783808656
-0.7578886310904897
-0.6681945743685715
-0.8478136882129258
-0.7160073037127196
-0.9100366300366289
-0.6292168674698766
-0.7403924775143109
-0.6839009287925697
-0.3112974404236562
-0.9105517909002884
-0.753806115810017
-0.6371323529411748
-0.6461619348054675
-0.8326829268292681
-0.8049863387978179
-0.8791320995532923
-0.7669105691056974
-0.8511587982832595
-0.8182989690721686
-0.6854665565648195
-0.6806845965770195
-0.5416156670746627
-0.6912681912681933
-1.0961224489795904
-0.7189735614307978
-0.7635036496350421
-0.7963970588235282
-0.7834862385321122
-0.784812286689425
-0.7041237113402058
-0.4504770992366422
-0.7092417061611392
-0.8148457047539654
-0.7191869918699189
-0.9114437791084511
-0.7523906408952165
-0.8319634703196356
-0.668265245707515
-0.7787920384351404
-0.754416961130736
-0.5323691460055087
-0.6127058823529435
-0.7508493771234414
-0.6958730158730165
-0.7573466476462185
-0.8291027154663616
-1.0092424242424163
-0.7014760147601449
-0.6695205479452053
-0.8756823821339916
-0.8140798226164107
-0.8199275362318824
-0.7690155440414544
-0.7876213592232968
-1.0694210230466652
-0.8103356890459377
-0.6832894736842126
-0.5942660550458729
-0.8738287560581478
-0.8477272727272692
-0.7072102425875973
-0.8869763899466873
-0.9733262486716292
-0.6870422535211235
-0.9241697416974144
-0.9418918918918828
-0.625828460038984
-0.6838827838827872
-0.5850691244239619
-0.5752788104089215
-0.7382378100940956
-0.6615454545454567
-0.6844362745098025
-0.7178395061728343
-0.7276724791508717
-0.7264577893820723
-0.9849056603773453
-0.6669930069930097
-0.648075471698114
-0.6279816513761443
-0.7381679389312986
-0.8569074778200392
-0.8025252525252536
-0.757080419580417
-0.3628980891719739
-0.737361282367446
-0.17622377622377539
-0.35729813664596216
0.018198198198197905
-0.579492600422833
-0.6425105485232058
-0.6145187601957616
-0.42506811989100884
0.5641242937853116
0.7354599406528199
-0.25902306648575196
-0.3289017341040462
0.0937336814621408
-0.39627071823204246
-0.6664658634538132
-0.6630350194552526
-0.6335877862595419
-0.5738229755178897
0.05143171806167423
-0.6258928571428575
-0.7329596412556005
-0.5641723356009082
-0.2819383259911859
-0.7627272727272774
-0.5747688243064731
-0.8436123348017632
-1.0896797153025053
-0.5758760107816707
-0.9779257182901337
-0.7303326810176093
-0.9611717974180685
-0.4905691056910573
-0.7286376274328047
-0.3706744868035192
-0.8209233791748505
-0.6754475703324802
-0.687297297297295
-0.026712922810060855
-0.6125000000000026
-0.1744274809160311
-0.6972717733473276
-0.5846219931271511
-0.7901559454191068
-0.6885743174924175
-0.6918894009216514
-0.5482886216466267
-0.43007063572149196
-0.7127916331456174
-0.7996647108130774
-0.5666287015945352
-0.744493392070481
-0.7103881278538814
-0.7867755102040844
-0.8793406593406556
-0.8569005397070197
-0.6897274633123684
-0.8458195819581887
-0.885874912157412
-0.679612903225805
-0.8213581599123791
-0.7696556205328096
-0.12665847665847715
-0.7454784899034219
-1.0657534246575433
-0.819964819700968
-0.6192265193370164
-0.5942928039702237
-0.7257716049382712
-0.8590395480226086
-0.7642375168690959
-0.6875504710632582
-0.10428422152560096
-0.714910313901345
-0.7812807881773436
-0.7799855491329416
-0.5814016172506753
-0.969066937119673
-0.8271755725190796
-0.7790791599353809
-0.1587659157688543
-0.5677121771217707
-1.052392947103275
-0.6525129982668941
-0.8418181818181815
-0.7830582102519534
-0.762183020948183
-0.7405710886377217
-0.8124056999161762
-0.7257274119448747
-0.9218957345971484
-0.7332068311195473
-0.5523917995444201
-0.7245341614906818
-0.8280219780219763
-0.7935483870967739
-0.759391534391533
-0.7627539503386003
-0.8001149425287338
-0.8194096601073332
-0.7419999999999988
-0.6960461285008253
-0.4541191381495564
-0.4424972617743701
-0.7372434017595295
-0.7262626262626226
-0.7771517996870089
-0.7142331288343569
-0.9184054283290907
-0.8148437499999963
-0.6209990749306201
-0.8143274853801218
-0.9132837407013914
-0.7863636363636316
-0.37357212003872237
-0.8262364294330552
-0.6493237867939546
-0.5429759704251372
-0.6608400247066109
-0.9898016997167114
-0.7160539215686293
-0.8194934765924824
-0.5816787003610114
-0.833356940509911
-0.6351219512195089
-0.7042198233562366
-0.6302529182879404
-0.6022577610536243
-0.6965288035450514
-0.9009977827051077
-0.6712883435582844
-0.7736379613356791
-0.8216172938350738
-0.7651408450704237
-0.7618681318681357
-0.9189532117367206
-0.7973584905660341
-0.7472544470224233
-0.8499406880189768
-0.6098784194528878
-0.7517543859649181
-0.3614735226400618
-0.7281901584653908
-0.9106255355612669
-0.6982233502538063
-0.642566844919782
-0.44181818181818316
-0.6201035375323573
-0.7692242833052324
-0.7983883964544739
-0.7638599810785189
-0.5574193548387132
-0.5435624394966104
-0.8158319870759246
-0.7374358974359038
-0.7520874751491023
-0.7492063492063523
-0.4898669396110516
-0.05896700143472053
-0.6124203821656025
-0.599851411589899
-0.6039525691699602
-0.5813920454545469
-0.5645400593471832
-0.6193449334698021
-0.5222818791946301
-0.4613834788448641
-0.619862068965518
-0.745717131474103
-0.7502332814929972
-0.6526916802610111
-0.7650710545998403
-0.8383333333333289
-0.8327037773359707
-0.7674917491749218
-0.5493333333333378
-0.8477393617021304
-0.8194071983062776
-0.8262539184953035
-0.7785921625544251
-0.18420138888888532
-0.575104602510459
-0.7711906744379652
-0.6767592592592577
-0.6548858447488618
-0.5863461538461552
-0.781159420289849
-0.9193763919821837
-0.6871077184054303
-0.7300483091787425
-0.6426282051282092
-0.8860965677719553
-0.635783365570602
-0.6764150943396251
-0.7429725363489522
-0.7388888888888836
-0.35880535530381097
-0.7836382113821108
0.058640226628897354
-0.7345103264490308
-0.772722457627116
-0.7780415430267039
-1.0245805981035574
-0.6244554455445569
-0.3773177317731755
-0.7119718309859219
-0.8057911908646017
-0.7038318912237295
-0.8632055749128948
-0.7546614327772294
-0.6166989039329501
-0.5757528957528983
-1.046612466124657
-0.6868652674339897
-0.5236772486772496
-0.6277890466531412
-0.6251107828655832
-0.3319780219780226
-0.5867187500000017
-0.6413333333333342
-0.4744210526315742
-0.6545582047685822
-0.8284259259259227
-0.4566623544631301
-0.7800177619893396
-0.733136094674551
-0.5795061728395093
-0.7981447124304262
-0.6719537815126083
-0.765130984643179
-0.7384430176564998
-0.7017983301220239
-0.5823966942148753
-0.7287659574468125
-0.6309372797744873
-0.8239799570508302
-0.7722264150943416
-0.8808274470232108
-0.7016056518946705
-0.6600727272727286
-0.7617214835549314
-0.786145320197048
-0.660031847133762
-0.7932938856015725
-0.7422543352601177
-0.8968062455642357
-0.6835164835164828
-0.5651162790697685
-0.517826086956521
-0.6800000000000018
-0.8180901143241337
-0.6682779456193323
-0.9271428571428586
-0.7352836879432612
-0.8076862745098036
-0.7228377614471395
-0.6424772036474174
-0.5505434782608725
-0.6342254663422547
-0.8090856481481349
-0.7941071428571405
-0.35791274593670114
-0.8148780487804805
-0.7249614791987664
-0.8665306122448974
-0.15297679112008017
-0.55880281690141
-0.6790322580645153
-0.8296060991105494
-0.53543233082707
-0.6266554903604316
-0.5609958506224075
-0.6520686175580233
-0.18807260155574748
-0.6455252918287905
-0.7016740088105674
-0.7747390396659734
-0.6713240186294095
-0.9966425279789431
-0.663146779303065
-0.5402846975089013
-0.6926363636363645
-0.6553294573643388
-0.5827014218009514
-0.8017009847806625
-0.8541299117882898
-0.6414381474710514
-0.7055820285908747
-0.8559739319333807
-0.6950146627565879
-0.7321964529331462
-0.821003963011894
-0.7745495495495477
-0.6082617316589588
-0.6874741913282862
-0.8039431157078221
-0.8448302469135717
-0.7828447339847955
-0.5590939824205533
-0.7490304709141232
-0.8272727272727262
7.795221080839667
-0.9298224852070962
3.1916023993144806
-0.7172712506767811
-0.7948075201432464
-0.761628709454799
-0.8468473163105644
-0.8392755004766392
-0.7828391734052067
-0.8227646736149233
-0.7525551684088193
-0.828172942817301
-0.7801452784503538
-0.8309278350515514
-0.5039080459770102
-0.6867144432193982
-0.8093928980526868
-0.7057851239669474
-0.8665898617511456
-0.7749180327868883
-0.7990509059534079
-0.8823059360730474
-0.7715210355987125
-0.7862283737024207
-0.7121554770317993
-0.7963788300835679
-0.8816114359973951
-0.829076620825149
-1.09805447470817
-0.753304347826084
-0.6740076824583898
-0.5537916371367805
-0.2206965174129368
0.13445040214477233
-0.14740259740259914
-0.7787341772151927
-0.8013131313131253
-0.6812186379928232
-0.34187050359712473
-0.009544282029233749
-0.693075684380029
-0.07130177514792864
-0.6016993464052263
0.3924418604651153
-0.24380664652568
-0.6526845637583895
-0.7093827160493839
-0.20483870967741802
0.006514657980455774
0.17455968688845433
-0.5702702702702714
-0.6911578947368442
-0.3569190600522204
0.07017937219730937
-0.20478468899521513
-0.2157121879588834
0.48650190114068365
0.01485849056603658
-0.5269396551724138
-0.8296874999999975
-0.5540880503144667
0.4309523809523801
-0.2175600739371528
-0.5161849710982651
0.19205702647657844
-0.5585201793721969
-0.5339007092198582
-0.4860061287027581
-0.25149501661129553
-0.570783532536521
-0.6142061281337043
-0.572863741339493
-0.6040704070407034
-0.6109589041095909
-0.764471403812829
-0.605478260869563
-0.6596181046676075
-0.691445086705208
-0.717886696371735
-0.7146438746438704
-0.7355946398659968
-0.9649263721552883
-0.638345266507557
-0.5360952380952406
-0.6664810690423133
-0.14064403829416922
-0.5922114047287877
-0.5747519294377073
-0.44141829393628174
-0.8396296296296316
-0.6211193241816272
-0.7761409127301817
-0.4205915813424372
-0.20722456351596186
-0.13239436619718195
-0.5243957703927474
-0.42842105263157904
-0.2794462193823229
-0.6514136125654434
-0.5337091319052993
-0.6531274742676181
0.8948291782086799
-0.04781395348837239
-0.6821078431372549
-0.8424103035878533
-0.8923771880293726
-0.6869600000000016
0.15267241379310614
-0.59371614301192
-0.7253588516746415
0.15251231527093684
0.54931209268646
-0.4643741403026128
-0.5521292217327466
-0.5871399176954747
-0.21258741258741334
-0.7798892988929889
-0.6050699300699303
-0.7216962524654855
-0.817463848720801
-0.6348126232741614
-0.6175403225806416
-0.7997002997002989
-0.6300464037122941
-0.6190640055058544
-0.9190350297422449
-0.6919201520912518
-0.70627090301003
-0.8579606440071629
-0.8991392801251943
-0.9364566929133804
-0.7048134777376629
-0.8738432483475018
-0.7436182019977784
-0.6057971014492768
-0.6996022275258605
-0.9338824821526729
-0.7022907488986834
-0.9469809760132323
-0.6442773600668362
-0.1873015873015852
0.2607007575757565
-0.645971563981045
-0.5503092783505168
0.1363790186125217
-0.12802547770700648
-0.2556506849315061
2.520822942643396
25.711045655375443
0.5930817610062897
0.2788617886178862
-0.0853040540540537
-0.07768595041322317
-0.4865116279069759
0.6916221033868111
-1.0225416036308645
-0.8356481481481475
1.001520912547531
0.6387096774193549
-0.7590643274853828
0.4663507109004741
0.507927927927929
-0.07665198237885491
-0.19169230769230772
-0.5851010101010107
0.8067326732673262
0.6134199134199148
-0.5712500000000001
-0.1723577235772363
-0.630365853658536
-0.5030501089324596
-0.5850961538461549
-0.40842105263157613
-0.7735714285714287
-0.6768864717879067
-0.7749486652977412
-1.0293117408906989
-0.1930116472545757
-0.44480620155038986
-0.7504368546465506
0.2553450608930986
-0.8681681681681609
-0.4743718592964815
-0.7428410372040591
-0.5596017069701273
-0.5269841269841236
-0.3960077896786785
0.5240740740740758
0.102483900643976
0.060897435897434425
1.0416498993963805
1.4323450134770939
-0.7334112149532725
-0.4224489795918357
1.0156893819334352
-0.44987922705314004
-0.06063492063492062
-0.2273748723186982
-0.2793877551020398
1.1502631578947276
0.42479838709677487
1.0926056338028103
-0.7443674176776423
-0.3274482758620698
-0.9397810218978181
-0.20706051873198875
0.810579345088156
-0.8430107526881709
-0.9114961961115834
-0.6945238095238072
-0.3864654333008799
-0.6353614457831299
-0.6190883190883191
-0.7599835661462614
-0.8378378378378387
-0.9009184845005784
-0.38632911392405006
0.7049689440993785
-0.8697130712008493
-0.8283343577135915
-0.15000000000000024
-0.4640217391304312
-0.8997386759581872
0.6113029827315509
-0.5701007838745817
0.48733333333333273
-0.4918079096045206
-0.6923976608187126
-0.32786885245901637
-0.03340857787810451
0.15711645101663674
-0.6870722433460065
-0.747697368421052
-0.6828571428571452
0.5709779179810732
-0.729680851063831
-0.618013468013471
-0.6673141891891855
-0.8437342304457587
-0.033962264150943174
-0.5071274298056138
-0.39530046224961307
-0.5966887417218527
-0.4549796747967499
0.6759371221281741
-0.5799352750809048
0.5534005037783394
-0.6453020134228215
1.1902912621359274
0.22924773022049175
-0.5395547945205484
0.2632743362831866
0.7783737024221447
-0.33772954924874704
0.26799999999999946
0.3503113325031131
-0.4174311926605508
0.1470377019748646
0.5727762803234511
1.1937142857142842
-0.21915945611866755
-0.38133595284872346
-0.29870466321243433
-0.4000000000000008
-0.06062271062271207
0.26736990154711887
0.19157706093189866
-0.2648698884758352
0.504435483870969
-0.6505773672055439
-0.41902587519025747
-0.637857142857145
-0.631921331316187
-0.6695652173912997
-0.5464180569185488
-0.4937500000000005
-0.8219999999999844
-0.8967859751643621
-0.37448896156991335
-0.5869782971619381
-0.8374768089053899
-0.5502651113467621
-1.016484184914842
-0.8712820512820578
0.27690662865288956
0.7855491329479762
-0.6221202854230395
-0.17178423236514595
-0.7061093247588425
0.568299198575241
-0.31072279586974066
-0.2906295754026347
-0.22637263726372445
-0.26095481670929493
0.8621291448516583
-1.0430785123966995
-0.5575609756097604
-1.0422748815165854
-0.39432176656151474
1.1537828947368394
-0.9740406320541755
0.3184269662921343
0.029424778761062358
-0.15527747551686336
-0.1635273972602738
-0.24881516587677555
-0.07864476386037014
0.8934513274336247
-0.8271815446339044
-0.606818181818181
-1.1474114441416923
-0.2811232449297966
-0.1334468085106386
-0.8167325428194973
-0.552281746031744
-0.8484094052558908
-0.8678986272439227
0.8416273584905664
-0.6019157088122606
1.6252240717029562
1.0563541666666691
-0.7275229357798114
0.3514637904468414
0.14326241134751877
-1.0524103831891185
1.7205736894164227
1.0692116182572529
0.22374301675977648
-0.2131377551020389
-0.09811320754716962
0.8045761830473341
-0.09708939708939734
-0.8978334749362713
3.5352743022137187
-0.8686357243319267
-0.8434267912772675
1.735522664199802
0.8740477727566075
-0.7920421299005362
-0.616244314489922
-0.7049777117384838
-0.8428803465078542
-0.5614678899082581
-1.013070283600482
0.39442896935933114
-0.5142581888246621
0.6108742004264406
1.3534008683068022
0.09028037383177544
-0.36397228637413415
-0.6321561338289963
1.0083881578947367
3.7911764705882263
-0.0615740740740737
-0.6762312633832975
3.1523105360443684
1.593838862559239
2.831977559607294
-0.44344473007712176
3.1860538827258296
2.2556872037914713
1.2773631840796014
1.3324210526315767
2.8597530864197545
0.193409742120345
2.5863207547169824
2.3289786223277855
1.2286026200873381
1.5753086419753084
0.06320541760722331
0.9232258064516136
1.9051118210862632
0.7237076648841345
1.3169207317073188
0.5042910447761191
3.3365256124721645
-0.4658848614072502
-0.16711711711711696
0.632792792792793
0.21965811965811932
0.09373333333333363
0.7589138134592689
-0.7740220048899772
-1.1985792850595995
-0.8599781897491713
-0.8916747337850974
-0.9347310847766598
-0.6494274809160263
-0.47002840909091165
0.26602953953084324
-0.6203651685393262
-0.6219512195121912
-0.4432824981844512
-0.5651121605666988
-0.2210102489019041
-1.043940643033796
-0.27356020942408543
-0.3581187010078381
-0.7986960882647965
0.21877934272300462
-0.3870848708487093
1.7914519906323219
1.2569408740360026
0.05143464399575244
0.23495798319327765
-0.7728971962616809
0.6459283387622156
-0.07722048066875462
-0.747948164146869
-0.49876681614349555
-0.5236467236467245
-0.727562189054726
-0.34543960558750714
-0.8066265060240984
-0.7971962616822386
-0.4388169014084486
-0.4818659658344292
-0.6459259259259272
0.7458377239199159
0.04538934426229537
-0.6272459499263626
-0.5492972972972976
-0.5258116883116863
-0.10081466395112029
-0.05836012861736382
0.09761410788381625
-0.4816863100634649
0.21381345926800469
-0.5835908756438536
-0.43688172043010987
-0.7962943901183709
-0.5668187001140237
-0.422803114571743
-0.22448812448812464
-0.7493227091633433
-0.6940298507462707
-0.2839898348157553
-0.7397231833910015
-0.21766055045871735
-0.46834016393442585
-0.08434704830053733
-0.445691906005223
-0.6401869158878534
-0.7403528114663759
-0.6578144853875492
-0.540105078809108
-0.6935905413814604
-0.7359561752987998
-0.7528159340659448
-0.4995102040816319
-0.1700964630225075
-0.22972166998012142
-0.7695836873406934
1.6722029988465956
0.5287499999999971
-0.6230582524271866
-0.5301425661914462
-0.25913654618474025
-0.7137995049504945
-0.3598442714126803
0.21643026004727947
-0.12966101694915183
0.1897520661157016
0.2731543624161067
-0.7119453924914703
0.042981186685962534
0.681481481481481
-0.39896640826873425
0.3320512820512835
0.8714285714285718
1.1537383177570104
0.5136200716845878
1.7764367816091953
2.224173027989822
1.7239726027397257
1.8223502304147494
3.036557788944725
1.516513761467891
2.3794117647058846
-0.30642857142857016
0.9047038327526146
4.085135135135149
3.2397849462365578
0.4817097415506959
1.044819277108436
0.7304709141274233
-0.20227272727272647
0.19587426326129564
2.511509433962252
0.489078498293515
-0.017948717948718055
-0.08343685300207004
-0.6945017182130581
2.7568760611205403
1.1700956937799023
0.7975308641975318
1.576804123711341
1.1543307086614174
0.19219409282700461
1.1201320132013215
0.077903225806452
0.3361702127659571
0.6082554517133968
-0.7649382716049402
-0.8630208333333362
-0.6714664310954078
-0.6561528497409324
-0.5370309951060439
-0.5296636085626936
-0.6641221374045823
-0.363163064833006
-0.9227958697378829
-0.7653667595171844
-0.9148065807025338
-0.7258036490008613
-0.5226804123711327
0.19312169312169364
-0.6772413793103471
-0.5466847090663041
0.6426199261992618
-0.7500000000000003
-0.6604434072345418
0.04683544303797405
-0.641351888667994
-0.5244086021505374
-0.6464078794901487
-0.4977386934673355
-0.24576547231270235
-0.5540456431535298
-0.6794392523364472
-0.7055696202531626
-0.4402497598463067
-0.48005617977528225
-0.722627737226283
-0.020073664825046033
0.06244041944709253
-0.9237405106970359
-0.32718232044199
0.9919191919191945
0.8526627218934912
0.6880269814502531
1.138333333333336
0.8743103448275863
0.9040540540540527
-0.5278246205733579
-0.50281690140845
0.03324061196105655
1.5052950075642997
-0.2899999999999996
-0.9295585412667927
-0.6408831908831881
-0.6145265888456557
0.5319688109161795
-0.8038051750380466
-0.9136774193548365
0.18516984258492253
-0.7572310405643768
-0.7426172148355423
-0.8235793598954965
0.16705516705516532
-0.814710144927537
1.01761658031088
0.7791469194312758
0.43470757430489054
1.3295302013422825
0.9730547550432261
-0.3967840735068909
0.1396887159533066
-0.2779160186625191
0.012680577849117107
1.3666216216216156
0.2331339712918658
-0.3223684210526305
0.2261363636363629
-0.7945427728613602
-0.6829139072847722
-0.6373394495412857
-0.44305694305694515
-0.813909224011706
-0.009587813620071241
-0.6627934272300467
-0.638916750250747
-0.7183238636363654
-0.44215500945179564
0.2667340748230535
-0.2408988764044928
-0.5713629402756517
-0.9805860805860824
-0.6900072411296169
-0.749136786188577
-0.8755127153404383
-0.8198364008179974
-1.0666666666666507
-0.4355748373101968
0.249658002735978
-0.8674094707520925
0.514485981308413
0.5493023255813948
0.2969981238273922
2.0060402684563705
2.360869565217402
0.904035874439452
2.9535420098846727
1.184408602150536
-0.11130221130221064
-0.13394255874673638
1.7838114754098358
0.0977981651376149
1.926782273603084
2.0139639639639677
1.5399999999999991
0.4453703703703707
-0.42694805194805113
1.6238907849829363
0.8331683168316824
3.950827814569536
1.2602040816326503
1.0121065375302682
1.8407294832826735
0.8991031390134556
1.843198090692127
1.4747390396659719
0.34350961538461544
1.7685897435897435
0.7990322580645157
0.6215767634854763
0.5692015209125478
0.7203237410071942
1.0567567567567564
3.473047473200598
3.4440707964601778
1.511238095238095
3.2929791271347244
0.9973084886128369
0.4320987654320992
2.789908256880731
0.2895890410958906
1.4088305489260136
1.296959459459456
0.059825327510917146
3.407792207792205
0.557009345794393
1.0095141700404862
-0.9745702730030468
0.18192771084337336
-0.23446232006773948
-0.46005361930294936
-0.13342210386151734
-0.5044150110375265
-0.5062740076824568
-0.8835501147666479
-0.8822664359861534
-0.7088317107093103
-0.5832437275985661
-0.42619439868204223
-0.5895242914979731
-0.8900066622251804
-0.6317361543248327
-0.6446935724962619
0.15268817204301074
-0.33029389600602777
-0.6180190930787608
0.8997698504027608
1.7574257425742597
-0.4872820512820501
0.39126016260162666
-0.015705521472391074
0.5266094420600843
0.3377224199288253
-0.212264150943396
1.3493438320209965
-0.037906976744185625
0.5245161290322593
1.2896629213483144
-0.509468438538205
1.4999999999999984
0.17334558823529453
0.3762183235867448
0.09927884615384536
0.23664596273291907
-0.31577464788732507
0.39754385964912353
0.011753371868978381
0.28108974358974287
0.9340292275574122
-0.43919597989949993
-0.282091503267974
-0.6726216412490967
-0.5010869565217415
-0.5955172413793114
-0.5265793528505375
-0.6510288065843636
-0.6899435028248613
-0.9121118012422376
-0.14408060453400323
-0.3613981762917933
-0.06013363028953212
0.1256038647343008
0.052782462057335895
-0.6974103585657391
-0.23514851485148483
0.23233438485804386
-0.5808471454880252
-0.22596153846153894
-0.8309448319594154
0.2343563512361458
-0.16610608020698592
-0.9029886914378129
-0.018590998043051754
-0.47469458987783686
-0.6758586849852786
1.6548780487804846
0.5674008810572688
0.5059999999999988
1.9290064102564093
2.8805295950155743
2.530820770519259
0.8703703703703694
1.7017123287671256
0.4371647509578547
2.4344913151364747
1.4278280542986435
0.847722342733188
3.0878600823045246
1.7918918918918947
0.9913716814159305
5.011978221415614
3.148509485094855
3.4754342431761756
0.9018867924528312
0.5549792531120328
1.6778688524590137
0.24510250569476066
3.80192771084337
0.9656666666666683
4.411591355599226
0.522349570200573
4.797486535008982
8.214821428571412
2.3572104018912485
2.6594488188976437
-0.33835877862595276
0.2131487889273355
0.217049180327869
2.4726605504587154
0.0729870129870131
2.096176470588234
2.5731651376146822
1.2408273381294932
0.1653579676674365
2.910900473933649
0.4200956937799052
1.1528368794326247
-0.5248939179632279
-1.0165028089887738
-0.9183589743589756
-0.5424807903402845
-0.3996845425867503
-0.6688382193268236
0.2402088772845946
-0.34994219653179276
-0.25451612903225695
-0.6408482142857127
-0.7603256846780128
-0.8076384022424656
-0.8732211538461413
-0.7993306559571652
-0.8296932515337377
-0.45991847826086873
0.3641350210970447
-0.8783813747228416
-0.9449942462600651
0.760299625468165
0.10387453874538705
0.06720430107526901
0.04972527472527439
-0.8186936936936947
1.0409090909090897
0.9259962049335874
-0.2969072164948446
1.7612557427258793
-0.14132124352331568
-0.4104000000000003
-0.07052469135802515
-0.28024316109422476
-0.5517976031957351
-0.5733812949640267
-0.5837336244541491
-0.6361216730037951
-0.7768926274121822
-0.775857038657918
0.0393092105263151
0.5010940919037199
0.05343065693430593
-0.034836065573770406
2.2629930394431557
2.5385204081632695
-0.37697841726618714
1.729096045197741
0.942857142857141
20.783660130718996
3.7905279503105502
2.7138036809815915
3.4521276595744674
1.6877976190476194
1.439207048458147
0.16386768447837122
3.643320610687033
1.8617810760667914
0.608498023715416
0.9572992700729928
5.404095563139928
2.6479768786127162
2.4390829694323144
1.7163978494623662
4.501829268292683
1.6951776649746184
1.7694300518134716
3.344144144144145
2.4013400335008392
-0.4319148936170213
0.2795876288659801
3.7343307086614135
0.7115079365079362
2.095724907063197
-0.13131868131868205
0.2856187290969902
-0.23397312859884667
-0.7016506189821182
-0.6447706422018348
-0.8033475549721141
-0.5857692307692305
-0.5599186991869873
-0.6504516129032286
-0.06657730116175196
-0.8504587155963358
-0.11489594742606753
-0.6373903508771915
0.846389496717724
0.28457076566125317
0.6313521545319476
-0.37029288702929036
-0.528244274809162
-0.2266963292547263
-0.594373744139314
-0.6614525139664772
-0.6470741222366704
-0.6367924528301895
-0.8182531894013793
-0.0958005249343859
-0.806490649064908
-0.5338461538461569
-0.6915754923413562
-0.7162348877374803
-0.8220518867924509
-0.5892950391644869
-0.4280632411067184
-0.3575091575091571
0.2896491228070179
0.22665222101841812
-0.5737704918032782
-0.5879921259842542
-0.6817453250222621
-0.5951907131011608
0.6929173693086006
2.3817796610169455
-0.18933500627352257
0.29868421052631655
2.1074394463667807
2.4961379310345024
-0.597148114075437
-0.8801619433198232
-0.7623015873015789
-0.0485362095531577
0.1763608087091767
-0.26117886178861616
0.510016977928695
0.004392764857881196
0.27757731958762866
0.24558521560574967
0.8636000000000009
1.7830210772833701
0.7015841584158418
2.072758620689657
1.5555205047318608
1.948076923076925
2.288123924268499
7.481018518518533
2.0684507042253526
5.308510638297873
2.7162995594713726
3.10390455531453
2.4728597449908922
3.3071542130365628
3.2750972762645896
1.895955056179774
2.2946540880503177
8.495526315789474
0.32793791574279274
1.9781176470588226
3.2901006711409444
3.5095338983050923
3.6025906735751274
6.237454545454554
2.9970684039087985
1.6524361948955912
2.1117318435754195
5.4278422273782
1.55659824046921
3.919696969696979
1.031693989071039
2.1294797687861293
2.596501457725946
6.4141263940520625
-0.14031746031746128
5.291406250000003
0.4544117647058826
2.0124269005847975
3.2516759776536337
4.589315068493141
3.1223140495867727
1.7641350210970446
3.1431870669746016
1.9608534322819997
-0.3799861973775023
0.04206128133704739
-0.012933406714363598
0.8393736017897104
0.6483870967741941
0.21914893617021292
-0.4136956521739128
1.169352014010509
0.26105006105005957
-0.7878805284319392
0.11680555555555115
3.8719901719901797
-0.1301408450704216
2.398398169336384
3.2025252525252554
2.6015822784810076
-0.039293598233994184
1.3092544987146544
2.6219465648854934
4.0491071428571574
3.3411428571428585
0.04999999999999944
4.971532846715338
1.7693251533742316
4.222520661157013
2.6917721518987365
4.072755417956652
3.0738916256157607
5.628608923884512
1.2823920265780715
0.926297577854672
3.077586206896555
3.385635359116025
2.3217687074829922
4.9403258655804425
3.2821114369501467
6.975544794188863
0.9015060240963846
1.3695652173913047
1.37158774373259
3.405430711610486
3.434298440979964
2.146279069767439
1.747311827956989
5.002767527675265
4.493429158110872
4.711747851002872
3.675101214574906
2.222494432071269
5.677431906614792
2.824603174603181
3.8708955223880586
7.128070175438585
2.0853333333333337
1.441920374707259
4.918717948717954
1.7676363636363646
1.4025974025974004
6.018581907090481
-0.09937888198757752
6.864082687338504
0.6257328990228027
5.519787985865725
2.682394366197185
4.46130030959753
2.208373205741628
3.3692753623188434
8.723699421965314
4.25414012738853
0.1973154362416116
2.7947916666666632
4.155949367088605
3.9357414448669155
2.910881801125709
1.261198738170345
2.1470760233918087
1.8469083155650328
2.4552356020942394
0.7955905511811032
-0.3012658227848102
-0.8546241211465606
-0.6794949494949445
-0.33670766319772794
-0.4876203576341183
-0.31655011655011617
-0.6054474708171174
-0.7104856512141281
-0.8489051094890466
-0.38402625820568753
2.238259441707717
2.4806873977086754
0.05497630331753586
0.3142717497556265
-0.22209856915739218
0.02661764705882301
-0.9232261976955816
-0.761322645290577
-0.9491546914624172
-0.8963229992790068
-1.0839506172839561
0.8249419953596279
-0.07594313832695407
0.3282850779510025
0.03650793650793579
-0.43618843683083436
0.09638336347197062
-0.5380116959064322
-0.7558411214953321
-0.6314031180400919
-0.14194139194139227
-0.3487447698744777
-0.5033922261484173
-0.5847282139775651
-0.3123702422145326
-0.7680984808800424
-0.6882027649769578
-0.3331103678929772
0.00572687224669695
-0.22451298701298716
-0.6854945054945216
-0.6963128491620129
-0.6065891472868176
-0.530241935483872
-0.4451511991657944
0.1215123859191664
-0.680751604033
-0.7036452004860255
-0.5587852494577008
-0.4571017274472191
0.9897515527950291
0.738297872340425
0.7861678004535149
0.9109619686800908
2.894076655052267
0.5587096774193554
6.250322580645163
1.5100869565217383
7.212500000000005
6.044257274119469
7.467422096317287
4.476217765042978
3.8700544464609785
1.7274900398406376
7.088864628820953
5.802339181286543
2.467397260273971
3.0316883116883147
3.8729797979798017
8.23289473684213
4.287393526405459
4.55760233918128
6.669103773584907
3.624924012158062
1.1194539249146744
2.692076502732241
6.040810810810808
1.3627397260273977
2.6192399049881256
8.583121597096172
8.382242990654204
3.460038240917779
1.6325000000000007
4.215028901734105
7.059578947368409
6.216993464052289
2.0046511627906956
1.5575447570332495
4.4435114503816795
4.514356435643567
1.5339999999999987
5.3970899470899605
4.61306990881459
4.162091503267973
4.121388888888887
2.090182648401825
12.23420427553445
4.463690476190481
3.2560640732265433
3.514583333333329
5.514412416851442
1.0080118694362015
5.907142857142857
2.5094339622641524
4.631364562118126
2.443432203389833
0.2964285714285716
2.4248062015503913
-0.9023026315789388
-0.6996835443037963
-0.6610095735422123
-0.43983849259757213
0.48383084577114455
0.19397810218978118
-0.5676100628930816
0.014905362776025477
-0.7158679446219329
-0.6450980392156854
-0.8777648428405144
1.2025412960609903
-0.8009060022650006
2.05836653386454
1.4580602883355112
0.5433551198257096
-0.23550913838120108
-0.03108384458077717
0.18312236286919772
0.4459143968871597
2.8956097560975627
0.31626016260162637
1.7812500000000009
0.31410714285714336
0.04807692307692288
-0.19485530546623878
-0.8561954624781872
-0.7048006509357245
-0.8543554006968692
-0.5233471074380162
-0.6444530643910025
-0.5437290969899644
0.8343820224719097
-0.6732605729877214
-0.1920863309352499
1.8626865671641855
0.9617056856187274
1.1436114044350598
4.355629139072837
0.41362763915547046
3.011444444444438
1.912835820895521
4.167237163814186
7.475058823529416
0.8850515463917517
1.3281420765027319
3.2341719077568083
7.598284313725479
0.413186813186813
6.733270321361064
5.1435051546391675
7.743537414965989
4.695022624434406
1.236950146627567
0.9521367521367518
3.492615384615384
9.005800464037115
7.227586206896586
4.858040201005018
2.5286532951289424
3.730453563714902
3.8013636363636363
6.877322404371583
4.758841463414642
7.729999999999993
5.528197674418598
10.717924528301902
4.867455621301786
5.087242026266403
8.574454828660443
10.109677419354833
6.01609442060087
4.409333333333322
1.3299145299145287
5.1665816326530605
6.54679665738162
8.804743833017094
1.7579831932773111
5.881659388646277
11.732903225806444
6.819854280510034
8.598535564853561
2.0910194174757244
9.182226980728068
6.212698412698419
6.245312500000012
10.526992287917743
5.292857142857141
7.020879120879113
4.529711751662976
4.37176079734219
1.2833333333333328
7.300838574423475
14.691568296796017
3.1981627296587942
9.293474088291758
11.883789062500014
2.926590538336049
2.263771186440677
1.522155688622754
3.3253132832080228
1.856435643564354
-0.6478340451494817
-0.7354392892398929
-0.7536789935188691
-0.9013320013320015
0.7917412250516173
-0.2890377588306899
0.2586513994910943
0.3559210526315781
0.5121568627450984
-0.6990777338603488
-0.7904968454258742
-0.7987421383647916
-0.8026388341866953
0.23556485355648496
-0.563621262458472
1.9947103274559217
-0.12082018927444901
0.07990867579908896
0.2012160898035547
-0.17525676937441537
-0.42040094339623035
-0.6900692840646682
-0.6350393700787411
-0.6778846153846162
0.42351421188630417
1.5055934515688953
1.376914539400672
-0.6924050632911434
0.24455958549222734
-0.9735004476276155
-0.6861143523920673
0.05142857142857068
0.46232394366197255
1.5894545454545426
3.1503058103975476
0.3170506912442416
-1.0514094955489512
1.2576988155668332
5.489160839160838
-0.019842829076621642
3.4750788643533164
1.3353566009104696
5.390322580645166
4.6442386831275755
5.11772151898733
7.93963302752294
3.552941176470587
1.2245762711864414
3.8750000000000004
2.585643564356436
6.836636636636664
3.1010230179028184
8.917320261437913
0.8584097859327211
5.953416149068326
7.547135416666671
4.64932735426009
10.707744107744096
4.07711267605634
8.229571106094822
2.204578313253013
3.232545454545457
14.197229219143589
9.434401349072516
5.964468085106384
1.854929577464789
6.140476190476202
5.6245436105476685
9.145081967213107
3.148028673835122
3.097680412371136
-0.4419354838709673
11.739819004524847
2.5782722513089027
6.836666666666658
3.572000000000003
2.9758409785932725
5.14450980392157
2.435321100917435
2.3379668049792555
1.4697278911564606
1.7359267734553758
0.233228840125392
2.6311458333333366
7.083802024746918
1.5623626373626365
0.6227906976744175
-0.18593125499600335
0.12085235920851753
-0.36952561669830297
-0.7807144931745659
-0.8714997922725217
-0.5467554076539102
-0.5674176776429798
-0.4145468392993158
-0.40954356846473333
-0.4181818181818235
-0.30419874037788935
0.17161394971614036
2.0874024526198447
-0.3525017135023985
0.9067579127459359
0.36381578947368187
0.015380150899591357
0.0026841448189776507
-0.6698717948717992
-0.2061559507523928
0.14554588077695765
-0.5169778296382752
-0.5489003880983172
-0.6774560117302111
-0.5397995705082337
-0.5847386759581983
0.512604042806183
0.9482219061166434
0.0845665961945031
0.2624098124098132
-0.4329122340425519
-0.4745478036175726
0.35092478421701456
-0.5695540748334252
-0.5638888888888868
0.05950840879689455
1.1457180500658755
0.5194736842105268
-0.0903778040141656
-0.43449477351916577
-0.6970600414078704
-0.7552963671128071
2.157356076759058
0.3590342679127723
5.466039279869063
-0.5589743589743578
-0.32687074829932
0.6492494639027868
-0.06484983314794272
-0.7046934584922295
-0.34396782841822876
-0.26202422145328774
1.7728161270617027
1.2330922242314701
-0.23907922912205637
1.2372279495990846
1.973103448275862
2.0212653778558884
4.217587939698494
2.3773095623987053
2.3833142857142886
1.073384615384616
0.46577181208053453
0.761304836895385
0.7385520361990934
1.0046570702794224
3.134402566158778
0.2885266457680237
0.7902501603592077
3.330791450028868
1.5625000000000027
7.391544117647037
1.5754696132596695
2.7736677115987445
8.35661764705883
2.8875471698113224
7.450841121495331
10.003099173553704
9.377393075356405
4.381589958158993
7.9493031358884965
6.9367088607594996
14.129778672032204
7.839351851851866
4.35435897435897
11.947432762836188
6.42553191489362
15.211320754716981
12.034117647058833
11.874482758620658
5.292978723404256
6.713489736070387
14.638014527845076
15.158111380145254
13.371962616822415
7.664010989010977
4.448096885813156
10.085372340425561
5.813625304136244
4.686462093862814
5.82955223880597
8.510697674418605
5.132442748091617
3.1618025751072962
3.764646464646463
3.341640378548892
8.872777777777783
4.42406876790831
10.449494949494945
11.762423312883488
12.140792540792571
18.02471910112358
15.088823529411776
9.664882226980726
25.40542797494777
12.410926365795707
5.641604010025066
9.000000000000016
5.098783454987834
5.903525641025648
12.634177215189869
10.946605504587193
5.368607594936708
11.49184952978057
12.320240963855408
13.185113268608442
6.384511784511786
4.177669902912618
9.489821428571387
5.8656716417910495
25.375518672199235
7.3842657342657425
4.590825688073386
15.141477272727268
7.3670270270270155
8.912549019607832
13.539008620689627
6.713870246085011
9.898095238095197
20.143835616438285
8.803559870550185
3.72012578616352
5.548888888888881
9.400221238938087
13.340109890109877
7.06787709497206
12.232983193277304
13.320533880903502
16.00071599045349
26.908516886930904
15.204407713498645
15.841650671785047
4.873053892215568
12.186618004866192
9.453291536050157
5.711959287531814
11.562412993039423
1.8734090909090877
4.462393162393167
7.0067415730337155
13.008108108108086
14.494952681388023
11.703367875647649
25.30496240601496
15.072727272727265
17.4463054187192
7.765891472868201
7.375257731958778
11.590231362467852
12.811739130434791
10.617330677290855
12.387719298245576
5.969467787114855
11.891034482758622
10.212037037037032
15.978359511343795
7.078545454545428
5.122033898305078
3.5783861671469728
4.648241206030169
-0.7723247232472144
4.384835164835173
6.264563462949331
-0.3480891719745159
0.16897292651482246
9.136919315403427
7.886069651741312
7.04226804123715
4.911669658886915
3.271493212669688
9.28702928870293
7.687991266375556
8.619284294234603
8.834966592427627
4.611884057971016
3.5742946708463985
0.4287128712871295
0.6350626118067996
-0.29231601731601853
-0.10688622754490915
6.966956521739119
7.544038929440389
3.3708121827411133
